{"total": {"lines":{"total":1189,"covered":1028,"skipped":0,"pct":86.45},"statements":{"total":1312,"covered":1135,"skipped":0,"pct":86.5},"functions":{"total":274,"covered":222,"skipped":0,"pct":81.02},"branches":{"total":778,"covered":596,"skipped":0,"pct":76.6},"branchesTrue":{"total":0,"covered":0,"skipped":0,"pct":100}}
,"/home/runner/work/unixpense-svc/unixpense-svc/src/bootstrap.ts": {"lines":{"total":88,"covered":79,"skipped":0,"pct":89.77},"functions":{"total":29,"covered":25,"skipped":0,"pct":86.2},"statements":{"total":102,"covered":90,"skipped":0,"pct":88.23},"branches":{"total":20,"covered":10,"skipped":0,"pct":50}}
,"/home/runner/work/unixpense-svc/unixpense-svc/src/constants.ts": {"lines":{"total":8,"covered":8,"skipped":0,"pct":100},"functions":{"total":0,"covered":0,"skipped":0,"pct":100},"statements":{"total":8,"covered":8,"skipped":0,"pct":100},"branches":{"total":10,"covered":4,"skipped":0,"pct":40}}
,"/home/runner/work/unixpense-svc/unixpense-svc/src/dependencyInjector.ts": {"lines":{"total":67,"covered":63,"skipped":0,"pct":94.02},"functions":{"total":12,"covered":12,"skipped":0,"pct":100},"statements":{"total":68,"covered":64,"skipped":0,"pct":94.11},"branches":{"total":5,"covered":3,"skipped":0,"pct":60}}
,"/home/runner/work/unixpense-svc/unixpense-svc/src/core/contexts/paymentDetailsContext.ts": {"lines":{"total":38,"covered":37,"skipped":0,"pct":97.36},"functions":{"total":3,"covered":3,"skipped":0,"pct":100},"statements":{"total":40,"covered":39,"skipped":0,"pct":97.5},"branches":{"total":43,"covered":29,"skipped":0,"pct":67.44}}
,"/home/runner/work/unixpense-svc/unixpense-svc/src/core/enums/entryType.ts": {"lines":{"total":6,"covered":6,"skipped":0,"pct":100},"functions":{"total":1,"covered":1,"skipped":0,"pct":100},"statements":{"total":6,"covered":6,"skipped":0,"pct":100},"branches":{"total":2,"covered":2,"skipped":0,"pct":100}}
,"/home/runner/work/unixpense-svc/unixpense-svc/src/core/enums/serviceContexts.ts": {"lines":{"total":3,"covered":3,"skipped":0,"pct":100},"functions":{"total":1,"covered":1,"skipped":0,"pct":100},"statements":{"total":3,"covered":3,"skipped":0,"pct":100},"branches":{"total":2,"covered":2,"skipped":0,"pct":100}}
,"/home/runner/work/unixpense-svc/unixpense-svc/src/core/enums/transactionType.ts": {"lines":{"total":23,"covered":23,"skipped":0,"pct":100},"functions":{"total":1,"covered":1,"skipped":0,"pct":100},"statements":{"total":23,"covered":23,"skipped":0,"pct":100},"branches":{"total":2,"covered":2,"skipped":0,"pct":100}}
,"/home/runner/work/unixpense-svc/unixpense-svc/src/core/errors/paymentDetailsProcessingError.ts": {"lines":{"total":3,"covered":3,"skipped":0,"pct":100},"functions":{"total":1,"covered":1,"skipped":0,"pct":100},"statements":{"total":3,"covered":3,"skipped":0,"pct":100},"branches":{"total":0,"covered":0,"skipped":0,"pct":100}}
,"/home/runner/work/unixpense-svc/unixpense-svc/src/core/errors/repositoryError.ts": {"lines":{"total":8,"covered":8,"skipped":0,"pct":100},"functions":{"total":1,"covered":1,"skipped":0,"pct":100},"statements":{"total":8,"covered":8,"skipped":0,"pct":100},"branches":{"total":9,"covered":6,"skipped":0,"pct":66.66}}
,"/home/runner/work/unixpense-svc/unixpense-svc/src/core/errors/unsupportedTxnError.ts": {"lines":{"total":5,"covered":5,"skipped":0,"pct":100},"functions":{"total":1,"covered":1,"skipped":0,"pct":100},"statements":{"total":5,"covered":5,"skipped":0,"pct":100},"branches":{"total":0,"covered":0,"skipped":0,"pct":100}}
,"/home/runner/work/unixpense-svc/unixpense-svc/src/core/extensions/entryTypeExtensions.ts": {"lines":{"total":11,"covered":11,"skipped":0,"pct":100},"functions":{"total":7,"covered":7,"skipped":0,"pct":100},"statements":{"total":13,"covered":13,"skipped":0,"pct":100},"branches":{"total":6,"covered":4,"skipped":0,"pct":66.66}}
,"/home/runner/work/unixpense-svc/unixpense-svc/src/core/extensions/globalExtensions.ts": {"lines":{"total":30,"covered":30,"skipped":0,"pct":100},"functions":{"total":7,"covered":7,"skipped":0,"pct":100},"statements":{"total":30,"covered":30,"skipped":0,"pct":100},"branches":{"total":9,"covered":6,"skipped":0,"pct":66.66}}
,"/home/runner/work/unixpense-svc/unixpense-svc/src/core/extensions/responseExtensions.ts": {"lines":{"total":9,"covered":9,"skipped":0,"pct":100},"functions":{"total":8,"covered":8,"skipped":0,"pct":100},"statements":{"total":17,"covered":17,"skipped":0,"pct":100},"branches":{"total":4,"covered":3,"skipped":0,"pct":75}}
,"/home/runner/work/unixpense-svc/unixpense-svc/src/core/extensions/transactionExtensions.ts": {"lines":{"total":19,"covered":19,"skipped":0,"pct":100},"functions":{"total":6,"covered":6,"skipped":0,"pct":100},"statements":{"total":21,"covered":21,"skipped":0,"pct":100},"branches":{"total":41,"covered":41,"skipped":0,"pct":100}}
,"/home/runner/work/unixpense-svc/unixpense-svc/src/core/extensions/transactionTypeExtensions.ts": {"lines":{"total":21,"covered":21,"skipped":0,"pct":100},"functions":{"total":13,"covered":13,"skipped":0,"pct":100},"statements":{"total":23,"covered":23,"skipped":0,"pct":100},"branches":{"total":25,"covered":23,"skipped":0,"pct":92}}
,"/home/runner/work/unixpense-svc/unixpense-svc/src/core/factories/paymentDetailsFactory.ts": {"lines":{"total":11,"covered":11,"skipped":0,"pct":100},"functions":{"total":6,"covered":6,"skipped":0,"pct":100},"statements":{"total":12,"covered":12,"skipped":0,"pct":100},"branches":{"total":4,"covered":4,"skipped":0,"pct":100}}
,"/home/runner/work/unixpense-svc/unixpense-svc/src/core/factories/transactionFactory.ts": {"lines":{"total":4,"covered":4,"skipped":0,"pct":100},"functions":{"total":1,"covered":1,"skipped":0,"pct":100},"statements":{"total":6,"covered":6,"skipped":0,"pct":100},"branches":{"total":0,"covered":0,"skipped":0,"pct":100}}
,"/home/runner/work/unixpense-svc/unixpense-svc/src/core/loggers/winstonLokiLogger.ts": {"lines":{"total":33,"covered":30,"skipped":0,"pct":90.9},"functions":{"total":11,"covered":6,"skipped":0,"pct":54.54},"statements":{"total":38,"covered":32,"skipped":0,"pct":84.21},"branches":{"total":14,"covered":8,"skipped":0,"pct":57.14}}
,"/home/runner/work/unixpense-svc/unixpense-svc/src/core/models/cardOperation.model.ts": {"lines":{"total":6,"covered":6,"skipped":0,"pct":100},"functions":{"total":0,"covered":0,"skipped":0,"pct":100},"statements":{"total":8,"covered":8,"skipped":0,"pct":100},"branches":{"total":0,"covered":0,"skipped":0,"pct":100}}
,"/home/runner/work/unixpense-svc/unixpense-svc/src/core/models/paymentDetails.model.base.ts": {"lines":{"total":8,"covered":7,"skipped":0,"pct":87.5},"functions":{"total":2,"covered":1,"skipped":0,"pct":50},"statements":{"total":8,"covered":7,"skipped":0,"pct":87.5},"branches":{"total":4,"covered":2,"skipped":0,"pct":50}}
,"/home/runner/work/unixpense-svc/unixpense-svc/src/core/models/standardTransfer.model.ts": {"lines":{"total":5,"covered":5,"skipped":0,"pct":100},"functions":{"total":0,"covered":0,"skipped":0,"pct":100},"statements":{"total":7,"covered":7,"skipped":0,"pct":100},"branches":{"total":0,"covered":0,"skipped":0,"pct":100}}
,"/home/runner/work/unixpense-svc/unixpense-svc/src/core/models/transaction.model.ts": {"lines":{"total":17,"covered":17,"skipped":0,"pct":100},"functions":{"total":2,"covered":2,"skipped":0,"pct":100},"statements":{"total":19,"covered":19,"skipped":0,"pct":100},"branches":{"total":16,"covered":12,"skipped":0,"pct":75}}
,"/home/runner/work/unixpense-svc/unixpense-svc/src/core/providers/abstractTransactionProvider.ts": {"lines":{"total":18,"covered":17,"skipped":0,"pct":94.44},"functions":{"total":3,"covered":3,"skipped":0,"pct":100},"statements":{"total":23,"covered":22,"skipped":0,"pct":95.65},"branches":{"total":0,"covered":0,"skipped":0,"pct":100}}
,"/home/runner/work/unixpense-svc/unixpense-svc/src/core/repositories/transactionRepository.ts": {"lines":{"total":43,"covered":39,"skipped":0,"pct":90.69},"functions":{"total":18,"covered":15,"skipped":0,"pct":83.33},"statements":{"total":47,"covered":43,"skipped":0,"pct":91.48},"branches":{"total":45,"covered":37,"skipped":0,"pct":82.22}}
,"/home/runner/work/unixpense-svc/unixpense-svc/src/core/strategies/abstractPaymentDetailsStrategy.ts": {"lines":{"total":5,"covered":5,"skipped":0,"pct":100},"functions":{"total":1,"covered":1,"skipped":0,"pct":100},"statements":{"total":7,"covered":7,"skipped":0,"pct":100},"branches":{"total":4,"covered":3,"skipped":0,"pct":75}}
,"/home/runner/work/unixpense-svc/unixpense-svc/src/core/types/injectables.ts": {"lines":{"total":1,"covered":1,"skipped":0,"pct":100},"functions":{"total":0,"covered":0,"skipped":0,"pct":100},"statements":{"total":1,"covered":1,"skipped":0,"pct":100},"branches":{"total":0,"covered":0,"skipped":0,"pct":100}}
,"/home/runner/work/unixpense-svc/unixpense-svc/src/core/types/transactionTypeByString.ts": {"lines":{"total":3,"covered":3,"skipped":0,"pct":100},"functions":{"total":0,"covered":0,"skipped":0,"pct":100},"statements":{"total":3,"covered":3,"skipped":0,"pct":100},"branches":{"total":0,"covered":0,"skipped":0,"pct":100}}
,"/home/runner/work/unixpense-svc/unixpense-svc/src/core/types/transactionTypeString.ts": {"lines":{"total":1,"covered":1,"skipped":0,"pct":100},"functions":{"total":0,"covered":0,"skipped":0,"pct":100},"statements":{"total":1,"covered":1,"skipped":0,"pct":100},"branches":{"total":0,"covered":0,"skipped":0,"pct":100}}
,"/home/runner/work/unixpense-svc/unixpense-svc/src/core/utils/databaseContainerUtils.ts": {"lines":{"total":22,"covered":22,"skipped":0,"pct":100},"functions":{"total":7,"covered":7,"skipped":0,"pct":100},"statements":{"total":25,"covered":25,"skipped":0,"pct":100},"branches":{"total":0,"covered":0,"skipped":0,"pct":100}}
,"/home/runner/work/unixpense-svc/unixpense-svc/src/core/utils/transactionTestHelper.ts": {"lines":{"total":25,"covered":25,"skipped":0,"pct":100},"functions":{"total":10,"covered":10,"skipped":0,"pct":100},"statements":{"total":26,"covered":26,"skipped":0,"pct":100},"branches":{"total":0,"covered":0,"skipped":0,"pct":100}}
,"/home/runner/work/unixpense-svc/unixpense-svc/src/gmail/clients/gmailApiClient.ts": {"lines":{"total":68,"covered":6,"skipped":0,"pct":8.82},"functions":{"total":20,"covered":0,"skipped":0,"pct":0},"statements":{"total":76,"covered":8,"skipped":0,"pct":10.52},"branches":{"total":34,"covered":2,"skipped":0,"pct":5.88}}
,"/home/runner/work/unixpense-svc/unixpense-svc/src/gmail/providers/gmailTransactionDataProvider.ts": {"lines":{"total":77,"covered":76,"skipped":0,"pct":98.7},"functions":{"total":17,"covered":17,"skipped":0,"pct":100},"statements":{"total":79,"covered":78,"skipped":0,"pct":98.73},"branches":{"total":226,"covered":217,"skipped":0,"pct":96.01}}
,"/home/runner/work/unixpense-svc/unixpense-svc/src/gmail/providers/gmailTransactionProvider.ts": {"lines":{"total":7,"covered":7,"skipped":0,"pct":100},"functions":{"total":2,"covered":2,"skipped":0,"pct":100},"statements":{"total":7,"covered":7,"skipped":0,"pct":100},"branches":{"total":0,"covered":0,"skipped":0,"pct":100}}
,"/home/runner/work/unixpense-svc/unixpense-svc/src/gmail/providers/gmailTransactionSourceProvider.ts": {"lines":{"total":18,"covered":5,"skipped":0,"pct":27.77},"functions":{"total":6,"covered":0,"skipped":0,"pct":0},"statements":{"total":20,"covered":7,"skipped":0,"pct":35},"branches":{"total":4,"covered":2,"skipped":0,"pct":50}}
,"/home/runner/work/unixpense-svc/unixpense-svc/src/gmail/providers/mockGmailTransactionSourceProvider.ts": {"lines":{"total":21,"covered":19,"skipped":0,"pct":90.47},"functions":{"total":5,"covered":5,"skipped":0,"pct":100},"statements":{"total":24,"covered":22,"skipped":0,"pct":91.66},"branches":{"total":3,"covered":3,"skipped":0,"pct":100}}
,"/home/runner/work/unixpense-svc/unixpense-svc/src/gmail/strategies/gmailCardOperationStrategy.ts": {"lines":{"total":15,"covered":14,"skipped":0,"pct":93.33},"functions":{"total":1,"covered":1,"skipped":0,"pct":100},"statements":{"total":15,"covered":14,"skipped":0,"pct":93.33},"branches":{"total":22,"covered":17,"skipped":0,"pct":77.27}}
,"/home/runner/work/unixpense-svc/unixpense-svc/src/gmail/strategies/gmailCrossBorderTransferFeeStrategy.ts": {"lines":{"total":8,"covered":8,"skipped":0,"pct":100},"functions":{"total":2,"covered":2,"skipped":0,"pct":100},"statements":{"total":9,"covered":9,"skipped":0,"pct":100},"branches":{"total":0,"covered":0,"skipped":0,"pct":100}}
,"/home/runner/work/unixpense-svc/unixpense-svc/src/gmail/strategies/gmailCrossBorderTransferStrategy.ts": {"lines":{"total":13,"covered":13,"skipped":0,"pct":100},"functions":{"total":2,"covered":2,"skipped":0,"pct":100},"statements":{"total":14,"covered":14,"skipped":0,"pct":100},"branches":{"total":4,"covered":4,"skipped":0,"pct":100}}
,"/home/runner/work/unixpense-svc/unixpense-svc/src/gmail/strategies/gmailDeskWIthdrawalStrategy.ts": {"lines":{"total":5,"covered":5,"skipped":0,"pct":100},"functions":{"total":1,"covered":1,"skipped":0,"pct":100},"statements":{"total":5,"covered":5,"skipped":0,"pct":100},"branches":{"total":0,"covered":0,"skipped":0,"pct":100}}
,"/home/runner/work/unixpense-svc/unixpense-svc/src/gmail/strategies/gmailStandardFeeStrategy.ts": {"lines":{"total":4,"covered":4,"skipped":0,"pct":100},"functions":{"total":1,"covered":1,"skipped":0,"pct":100},"statements":{"total":4,"covered":4,"skipped":0,"pct":100},"branches":{"total":2,"covered":2,"skipped":0,"pct":100}}
,"/home/runner/work/unixpense-svc/unixpense-svc/src/gmail/strategies/gmailStandardTransferStrategy.ts": {"lines":{"total":6,"covered":6,"skipped":0,"pct":100},"functions":{"total":1,"covered":1,"skipped":0,"pct":100},"statements":{"total":6,"covered":6,"skipped":0,"pct":100},"branches":{"total":16,"covered":12,"skipped":0,"pct":75}}
,"/home/runner/work/unixpense-svc/unixpense-svc/src/gmail/types/gmailPaymentDetailsTestCases.ts": {"lines":{"total":3,"covered":3,"skipped":0,"pct":100},"functions":{"total":0,"covered":0,"skipped":0,"pct":100},"statements":{"total":3,"covered":3,"skipped":0,"pct":100},"branches":{"total":0,"covered":0,"skipped":0,"pct":100}}
,"/home/runner/work/unixpense-svc/unixpense-svc/src/gmail/utils/constructGmailTransactionDataTestCase.ts": {"lines":{"total":11,"covered":11,"skipped":0,"pct":100},"functions":{"total":2,"covered":2,"skipped":0,"pct":100},"statements":{"total":12,"covered":12,"skipped":0,"pct":100},"branches":{"total":0,"covered":0,"skipped":0,"pct":100}}
,"/home/runner/work/unixpense-svc/unixpense-svc/src/googleOAuth2/factories/googleOAuth2IdentifiersFactory.ts": {"lines":{"total":3,"covered":3,"skipped":0,"pct":100},"functions":{"total":1,"covered":1,"skipped":0,"pct":100},"statements":{"total":5,"covered":5,"skipped":0,"pct":100},"branches":{"total":0,"covered":0,"skipped":0,"pct":100}}
,"/home/runner/work/unixpense-svc/unixpense-svc/src/googleOAuth2/models/googleOAuth2Tokens.model.ts": {"lines":{"total":5,"covered":5,"skipped":0,"pct":100},"functions":{"total":0,"covered":0,"skipped":0,"pct":100},"statements":{"total":7,"covered":7,"skipped":0,"pct":100},"branches":{"total":0,"covered":0,"skipped":0,"pct":100}}
,"/home/runner/work/unixpense-svc/unixpense-svc/src/googleOAuth2/providers/abstractGoogleOAuth2ClientProvider.ts": {"lines":{"total":27,"covered":25,"skipped":0,"pct":92.59},"functions":{"total":5,"covered":5,"skipped":0,"pct":100},"statements":{"total":29,"covered":27,"skipped":0,"pct":93.1},"branches":{"total":20,"covered":13,"skipped":0,"pct":65}}
,"/home/runner/work/unixpense-svc/unixpense-svc/src/googleOAuth2/providers/googleOAuth2ClientProvider.ts": {"lines":{"total":43,"covered":6,"skipped":0,"pct":13.95},"functions":{"total":8,"covered":0,"skipped":0,"pct":0},"statements":{"total":44,"covered":6,"skipped":0,"pct":13.63},"branches":{"total":29,"covered":0,"skipped":0,"pct":0}}
,"/home/runner/work/unixpense-svc/unixpense-svc/src/googleOAuth2/providers/mockGoogleOAuth2ClientProvider.ts": {"lines":{"total":12,"covered":10,"skipped":0,"pct":83.33},"functions":{"total":7,"covered":6,"skipped":0,"pct":85.71},"statements":{"total":16,"covered":14,"skipped":0,"pct":87.5},"branches":{"total":3,"covered":2,"skipped":0,"pct":66.66}}
,"/home/runner/work/unixpense-svc/unixpense-svc/src/googleOAuth2/repositories/googleOAuth2TokensRepository.ts": {"lines":{"total":21,"covered":17,"skipped":0,"pct":80.95},"functions":{"total":3,"covered":3,"skipped":0,"pct":100},"statements":{"total":23,"covered":19,"skipped":0,"pct":82.6},"branches":{"total":9,"covered":6,"skipped":0,"pct":66.66}}
,"/home/runner/work/unixpense-svc/unixpense-svc/src/web/controllers/gmailTransactionsController.ts": {"lines":{"total":64,"covered":60,"skipped":0,"pct":93.75},"functions":{"total":5,"covered":5,"skipped":0,"pct":100},"statements":{"total":71,"covered":67,"skipped":0,"pct":94.36},"branches":{"total":43,"covered":30,"skipped":0,"pct":69.76}}
,"/home/runner/work/unixpense-svc/unixpense-svc/src/web/controllers/groupRulesController.ts": {"lines":{"total":17,"covered":17,"skipped":0,"pct":100},"functions":{"total":8,"covered":8,"skipped":0,"pct":100},"statements":{"total":24,"covered":24,"skipped":0,"pct":100},"branches":{"total":0,"covered":0,"skipped":0,"pct":100}}
,"/home/runner/work/unixpense-svc/unixpense-svc/src/web/controllers/groupsController.ts": {"lines":{"total":15,"covered":15,"skipped":0,"pct":100},"functions":{"total":8,"covered":8,"skipped":0,"pct":100},"statements":{"total":22,"covered":22,"skipped":0,"pct":100},"branches":{"total":0,"covered":0,"skipped":0,"pct":100}}
,"/home/runner/work/unixpense-svc/unixpense-svc/src/web/controllers/transactionsController.ts": {"lines":{"total":84,"covered":77,"skipped":0,"pct":91.66},"functions":{"total":8,"covered":8,"skipped":0,"pct":100},"statements":{"total":89,"covered":82,"skipped":0,"pct":92.13},"branches":{"total":77,"covered":67,"skipped":0,"pct":87.01}}
,"/home/runner/work/unixpense-svc/unixpense-svc/src/web/middleware/googleOAuth2Middleware.ts": {"lines":{"total":31,"covered":31,"skipped":0,"pct":100},"functions":{"total":4,"covered":4,"skipped":0,"pct":100},"statements":{"total":33,"covered":33,"skipped":0,"pct":100},"branches":{"total":13,"covered":12,"skipped":0,"pct":92.3}}
,"/home/runner/work/unixpense-svc/unixpense-svc/src/web/middleware/rateLimiter.ts": {"lines":{"total":7,"covered":4,"skipped":0,"pct":57.14},"functions":{"total":1,"covered":0,"skipped":0,"pct":0},"statements":{"total":7,"covered":4,"skipped":0,"pct":57.14},"branches":{"total":0,"covered":0,"skipped":0,"pct":100}}
,"/home/runner/work/unixpense-svc/unixpense-svc/src/web/routes/gmailTransactionsRoutes.ts": {"lines":{"total":6,"covered":6,"skipped":0,"pct":100},"functions":{"total":0,"covered":0,"skipped":0,"pct":100},"statements":{"total":6,"covered":6,"skipped":0,"pct":100},"branches":{"total":0,"covered":0,"skipped":0,"pct":100}}
,"/home/runner/work/unixpense-svc/unixpense-svc/src/web/routes/groupRulesRoutes.ts": {"lines":{"total":8,"covered":8,"skipped":0,"pct":100},"functions":{"total":0,"covered":0,"skipped":0,"pct":100},"statements":{"total":8,"covered":8,"skipped":0,"pct":100},"branches":{"total":0,"covered":0,"skipped":0,"pct":100}}
,"/home/runner/work/unixpense-svc/unixpense-svc/src/web/routes/groupsRoutes.ts": {"lines":{"total":10,"covered":10,"skipped":0,"pct":100},"functions":{"total":0,"covered":0,"skipped":0,"pct":100},"statements":{"total":10,"covered":10,"skipped":0,"pct":100},"branches":{"total":0,"covered":0,"skipped":0,"pct":100}}
,"/home/runner/work/unixpense-svc/unixpense-svc/src/web/routes/kubernetesProbesRoutes.ts": {"lines":{"total":6,"covered":6,"skipped":0,"pct":100},"functions":{"total":3,"covered":0,"skipped":0,"pct":0},"statements":{"total":9,"covered":6,"skipped":0,"pct":66.66},"branches":{"total":0,"covered":0,"skipped":0,"pct":100}}
,"/home/runner/work/unixpense-svc/unixpense-svc/src/web/routes/swaggerRoutes.ts": {"lines":{"total":14,"covered":14,"skipped":0,"pct":100},"functions":{"total":0,"covered":0,"skipped":0,"pct":100},"statements":{"total":14,"covered":14,"skipped":0,"pct":100},"branches":{"total":8,"covered":6,"skipped":0,"pct":75}}
,"/home/runner/work/unixpense-svc/unixpense-svc/src/web/routes/transactionsRoutes.ts": {"lines":{"total":6,"covered":6,"skipped":0,"pct":100},"functions":{"total":0,"covered":0,"skipped":0,"pct":100},"statements":{"total":6,"covered":6,"skipped":0,"pct":100},"branches":{"total":0,"covered":0,"skipped":0,"pct":100}}
,"/home/runner/work/unixpense-svc/unixpense-svc/src/web/schemas/entryTypes.ts": {"lines":{"total":3,"covered":3,"skipped":0,"pct":100},"functions":{"total":0,"covered":0,"skipped":0,"pct":100},"statements":{"total":3,"covered":3,"skipped":0,"pct":100},"branches":{"total":0,"covered":0,"skipped":0,"pct":100}}
,"/home/runner/work/unixpense-svc/unixpense-svc/src/web/schemas/transaction.ts": {"lines":{"total":7,"covered":7,"skipped":0,"pct":100},"functions":{"total":1,"covered":1,"skipped":0,"pct":100},"statements":{"total":8,"covered":8,"skipped":0,"pct":100},"branches":{"total":0,"covered":0,"skipped":0,"pct":100}}
,"/home/runner/work/unixpense-svc/unixpense-svc/src/web/schemas/transactionTypes.ts": {"lines":{"total":3,"covered":3,"skipped":0,"pct":100},"functions":{"total":0,"covered":0,"skipped":0,"pct":100},"statements":{"total":3,"covered":3,"skipped":0,"pct":100},"branches":{"total":0,"covered":0,"skipped":0,"pct":100}}
}
