{"total": {"lines":{"total":948,"covered":794,"skipped":0,"pct":83.75},"statements":{"total":1057,"covered":888,"skipped":0,"pct":84.01},"functions":{"total":223,"covered":172,"skipped":0,"pct":77.13},"branches":{"total":528,"covered":404,"skipped":0,"pct":76.51},"branchesTrue":{"total":0,"covered":0,"skipped":0,"pct":100}}
,"/home/runner/work/unixpense-svc/unixpense-svc/src/bootstrap.ts": {"lines":{"total":41,"covered":38,"skipped":0,"pct":92.68},"functions":{"total":8,"covered":8,"skipped":0,"pct":100},"statements":{"total":46,"covered":43,"skipped":0,"pct":93.47},"branches":{"total":0,"covered":0,"skipped":0,"pct":100}}
,"/home/runner/work/unixpense-svc/unixpense-svc/src/constants.ts": {"lines":{"total":5,"covered":5,"skipped":0,"pct":100},"functions":{"total":0,"covered":0,"skipped":0,"pct":100},"statements":{"total":5,"covered":5,"skipped":0,"pct":100},"branches":{"total":18,"covered":10,"skipped":0,"pct":55.55}}
,"/home/runner/work/unixpense-svc/unixpense-svc/src/dependencyInjector.ts": {"lines":{"total":69,"covered":65,"skipped":0,"pct":94.2},"functions":{"total":12,"covered":12,"skipped":0,"pct":100},"statements":{"total":70,"covered":66,"skipped":0,"pct":94.28},"branches":{"total":5,"covered":3,"skipped":0,"pct":60}}
,"/home/runner/work/unixpense-svc/unixpense-svc/src/core/contexts/paymentDetailsContext.ts": {"lines":{"total":36,"covered":36,"skipped":0,"pct":100},"functions":{"total":3,"covered":3,"skipped":0,"pct":100},"statements":{"total":38,"covered":38,"skipped":0,"pct":100},"branches":{"total":14,"covered":14,"skipped":0,"pct":100}}
,"/home/runner/work/unixpense-svc/unixpense-svc/src/core/entities/cardOperation.entity.ts": {"lines":{"total":6,"covered":6,"skipped":0,"pct":100},"functions":{"total":0,"covered":0,"skipped":0,"pct":100},"statements":{"total":8,"covered":8,"skipped":0,"pct":100},"branches":{"total":0,"covered":0,"skipped":0,"pct":100}}
,"/home/runner/work/unixpense-svc/unixpense-svc/src/core/entities/paymentDetails.entity.base.ts": {"lines":{"total":8,"covered":7,"skipped":0,"pct":87.5},"functions":{"total":2,"covered":1,"skipped":0,"pct":50},"statements":{"total":8,"covered":7,"skipped":0,"pct":87.5},"branches":{"total":0,"covered":0,"skipped":0,"pct":100}}
,"/home/runner/work/unixpense-svc/unixpense-svc/src/core/entities/standardTransfer.entity.ts": {"lines":{"total":5,"covered":5,"skipped":0,"pct":100},"functions":{"total":0,"covered":0,"skipped":0,"pct":100},"statements":{"total":7,"covered":7,"skipped":0,"pct":100},"branches":{"total":0,"covered":0,"skipped":0,"pct":100}}
,"/home/runner/work/unixpense-svc/unixpense-svc/src/core/entities/transaction.entity.ts": {"lines":{"total":17,"covered":17,"skipped":0,"pct":100},"functions":{"total":2,"covered":2,"skipped":0,"pct":100},"statements":{"total":19,"covered":19,"skipped":0,"pct":100},"branches":{"total":0,"covered":0,"skipped":0,"pct":100}}
,"/home/runner/work/unixpense-svc/unixpense-svc/src/core/enums/entryType.ts": {"lines":{"total":6,"covered":6,"skipped":0,"pct":100},"functions":{"total":1,"covered":1,"skipped":0,"pct":100},"statements":{"total":6,"covered":6,"skipped":0,"pct":100},"branches":{"total":2,"covered":2,"skipped":0,"pct":100}}
,"/home/runner/work/unixpense-svc/unixpense-svc/src/core/enums/serviceContexts.ts": {"lines":{"total":3,"covered":3,"skipped":0,"pct":100},"functions":{"total":1,"covered":1,"skipped":0,"pct":100},"statements":{"total":3,"covered":3,"skipped":0,"pct":100},"branches":{"total":2,"covered":2,"skipped":0,"pct":100}}
,"/home/runner/work/unixpense-svc/unixpense-svc/src/core/enums/transactionType.ts": {"lines":{"total":23,"covered":23,"skipped":0,"pct":100},"functions":{"total":1,"covered":1,"skipped":0,"pct":100},"statements":{"total":23,"covered":23,"skipped":0,"pct":100},"branches":{"total":2,"covered":2,"skipped":0,"pct":100}}
,"/home/runner/work/unixpense-svc/unixpense-svc/src/core/errors/paymentDetailsProcessingError.ts": {"lines":{"total":3,"covered":3,"skipped":0,"pct":100},"functions":{"total":1,"covered":1,"skipped":0,"pct":100},"statements":{"total":3,"covered":3,"skipped":0,"pct":100},"branches":{"total":0,"covered":0,"skipped":0,"pct":100}}
,"/home/runner/work/unixpense-svc/unixpense-svc/src/core/errors/repositoryError.ts": {"lines":{"total":8,"covered":8,"skipped":0,"pct":100},"functions":{"total":1,"covered":1,"skipped":0,"pct":100},"statements":{"total":8,"covered":8,"skipped":0,"pct":100},"branches":{"total":9,"covered":6,"skipped":0,"pct":66.66}}
,"/home/runner/work/unixpense-svc/unixpense-svc/src/core/errors/unsupportedTxnError.ts": {"lines":{"total":5,"covered":5,"skipped":0,"pct":100},"functions":{"total":1,"covered":1,"skipped":0,"pct":100},"statements":{"total":5,"covered":5,"skipped":0,"pct":100},"branches":{"total":0,"covered":0,"skipped":0,"pct":100}}
,"/home/runner/work/unixpense-svc/unixpense-svc/src/core/extensions/dateExtensions.ts": {"lines":{"total":3,"covered":3,"skipped":0,"pct":100},"functions":{"total":1,"covered":1,"skipped":0,"pct":100},"statements":{"total":3,"covered":3,"skipped":0,"pct":100},"branches":{"total":0,"covered":0,"skipped":0,"pct":100}}
,"/home/runner/work/unixpense-svc/unixpense-svc/src/core/extensions/entryTypeExtensions.ts": {"lines":{"total":6,"covered":6,"skipped":0,"pct":100},"functions":{"total":4,"covered":4,"skipped":0,"pct":100},"statements":{"total":7,"covered":7,"skipped":0,"pct":100},"branches":{"total":0,"covered":0,"skipped":0,"pct":100}}
,"/home/runner/work/unixpense-svc/unixpense-svc/src/core/extensions/responseExtensions.ts": {"lines":{"total":9,"covered":9,"skipped":0,"pct":100},"functions":{"total":8,"covered":8,"skipped":0,"pct":100},"statements":{"total":17,"covered":17,"skipped":0,"pct":100},"branches":{"total":4,"covered":3,"skipped":0,"pct":75}}
,"/home/runner/work/unixpense-svc/unixpense-svc/src/core/extensions/transactionExtensions.ts": {"lines":{"total":10,"covered":9,"skipped":0,"pct":90},"functions":{"total":4,"covered":3,"skipped":0,"pct":75},"statements":{"total":10,"covered":9,"skipped":0,"pct":90},"branches":{"total":13,"covered":9,"skipped":0,"pct":69.23}}
,"/home/runner/work/unixpense-svc/unixpense-svc/src/core/extensions/transactionTypeExtensions.ts": {"lines":{"total":16,"covered":16,"skipped":0,"pct":100},"functions":{"total":10,"covered":10,"skipped":0,"pct":100},"statements":{"total":17,"covered":17,"skipped":0,"pct":100},"branches":{"total":19,"covered":19,"skipped":0,"pct":100}}
,"/home/runner/work/unixpense-svc/unixpense-svc/src/core/factories/paymentDetailsFactory.ts": {"lines":{"total":11,"covered":11,"skipped":0,"pct":100},"functions":{"total":6,"covered":6,"skipped":0,"pct":100},"statements":{"total":12,"covered":12,"skipped":0,"pct":100},"branches":{"total":4,"covered":4,"skipped":0,"pct":100}}
,"/home/runner/work/unixpense-svc/unixpense-svc/src/core/factories/transactionFactory.ts": {"lines":{"total":4,"covered":4,"skipped":0,"pct":100},"functions":{"total":1,"covered":1,"skipped":0,"pct":100},"statements":{"total":6,"covered":6,"skipped":0,"pct":100},"branches":{"total":0,"covered":0,"skipped":0,"pct":100}}
,"/home/runner/work/unixpense-svc/unixpense-svc/src/core/loggers/winstonLokiLogger.ts": {"lines":{"total":32,"covered":29,"skipped":0,"pct":90.62},"functions":{"total":11,"covered":6,"skipped":0,"pct":54.54},"statements":{"total":37,"covered":31,"skipped":0,"pct":83.78},"branches":{"total":22,"covered":14,"skipped":0,"pct":63.63}}
,"/home/runner/work/unixpense-svc/unixpense-svc/src/core/providers/abstractTransactionProvider.ts": {"lines":{"total":25,"covered":25,"skipped":0,"pct":100},"functions":{"total":6,"covered":6,"skipped":0,"pct":100},"statements":{"total":30,"covered":30,"skipped":0,"pct":100},"branches":{"total":4,"covered":4,"skipped":0,"pct":100}}
,"/home/runner/work/unixpense-svc/unixpense-svc/src/core/repositories/transactionRepository.ts": {"lines":{"total":14,"covered":13,"skipped":0,"pct":92.85},"functions":{"total":5,"covered":5,"skipped":0,"pct":100},"statements":{"total":19,"covered":18,"skipped":0,"pct":94.73},"branches":{"total":1,"covered":1,"skipped":0,"pct":100}}
,"/home/runner/work/unixpense-svc/unixpense-svc/src/core/strategies/abstractPaymentDetailsStrategy.ts": {"lines":{"total":5,"covered":5,"skipped":0,"pct":100},"functions":{"total":1,"covered":1,"skipped":0,"pct":100},"statements":{"total":6,"covered":6,"skipped":0,"pct":100},"branches":{"total":0,"covered":0,"skipped":0,"pct":100}}
,"/home/runner/work/unixpense-svc/unixpense-svc/src/core/types/injectables.ts": {"lines":{"total":1,"covered":1,"skipped":0,"pct":100},"functions":{"total":0,"covered":0,"skipped":0,"pct":100},"statements":{"total":1,"covered":1,"skipped":0,"pct":100},"branches":{"total":0,"covered":0,"skipped":0,"pct":100}}
,"/home/runner/work/unixpense-svc/unixpense-svc/src/core/types/transactionTypeByString.ts": {"lines":{"total":3,"covered":3,"skipped":0,"pct":100},"functions":{"total":0,"covered":0,"skipped":0,"pct":100},"statements":{"total":3,"covered":3,"skipped":0,"pct":100},"branches":{"total":0,"covered":0,"skipped":0,"pct":100}}
,"/home/runner/work/unixpense-svc/unixpense-svc/src/core/types/transactionTypeString.ts": {"lines":{"total":1,"covered":1,"skipped":0,"pct":100},"functions":{"total":0,"covered":0,"skipped":0,"pct":100},"statements":{"total":1,"covered":1,"skipped":0,"pct":100},"branches":{"total":0,"covered":0,"skipped":0,"pct":100}}
,"/home/runner/work/unixpense-svc/unixpense-svc/src/gmail/clients/gmailApiClient.ts": {"lines":{"total":67,"covered":5,"skipped":0,"pct":7.46},"functions":{"total":20,"covered":0,"skipped":0,"pct":0},"statements":{"total":75,"covered":7,"skipped":0,"pct":9.33},"branches":{"total":30,"covered":0,"skipped":0,"pct":0}}
,"/home/runner/work/unixpense-svc/unixpense-svc/src/gmail/providers/gmailTransactionDataProvider.ts": {"lines":{"total":76,"covered":75,"skipped":0,"pct":98.68},"functions":{"total":17,"covered":17,"skipped":0,"pct":100},"statements":{"total":78,"covered":77,"skipped":0,"pct":98.71},"branches":{"total":206,"covered":200,"skipped":0,"pct":97.08}}
,"/home/runner/work/unixpense-svc/unixpense-svc/src/gmail/providers/gmailTransactionProvider.ts": {"lines":{"total":7,"covered":7,"skipped":0,"pct":100},"functions":{"total":2,"covered":2,"skipped":0,"pct":100},"statements":{"total":7,"covered":7,"skipped":0,"pct":100},"branches":{"total":0,"covered":0,"skipped":0,"pct":100}}
,"/home/runner/work/unixpense-svc/unixpense-svc/src/gmail/providers/gmailTransactionSourceProvider.ts": {"lines":{"total":17,"covered":4,"skipped":0,"pct":23.52},"functions":{"total":6,"covered":0,"skipped":0,"pct":0},"statements":{"total":19,"covered":6,"skipped":0,"pct":31.57},"branches":{"total":0,"covered":0,"skipped":0,"pct":100}}
,"/home/runner/work/unixpense-svc/unixpense-svc/src/gmail/providers/mockGmailTransactionSourceProvider.ts": {"lines":{"total":19,"covered":17,"skipped":0,"pct":89.47},"functions":{"total":5,"covered":5,"skipped":0,"pct":100},"statements":{"total":22,"covered":20,"skipped":0,"pct":90.9},"branches":{"total":2,"covered":2,"skipped":0,"pct":100}}
,"/home/runner/work/unixpense-svc/unixpense-svc/src/gmail/strategies/gmailCardOperationStrategy.ts": {"lines":{"total":15,"covered":14,"skipped":0,"pct":93.33},"functions":{"total":1,"covered":1,"skipped":0,"pct":100},"statements":{"total":15,"covered":14,"skipped":0,"pct":93.33},"branches":{"total":22,"covered":17,"skipped":0,"pct":77.27}}
,"/home/runner/work/unixpense-svc/unixpense-svc/src/gmail/strategies/gmailCrossBorderTransferFeeStrategy.ts": {"lines":{"total":8,"covered":8,"skipped":0,"pct":100},"functions":{"total":2,"covered":2,"skipped":0,"pct":100},"statements":{"total":9,"covered":9,"skipped":0,"pct":100},"branches":{"total":0,"covered":0,"skipped":0,"pct":100}}
,"/home/runner/work/unixpense-svc/unixpense-svc/src/gmail/strategies/gmailCrossBorderTransferStrategy.ts": {"lines":{"total":13,"covered":13,"skipped":0,"pct":100},"functions":{"total":2,"covered":2,"skipped":0,"pct":100},"statements":{"total":14,"covered":14,"skipped":0,"pct":100},"branches":{"total":4,"covered":4,"skipped":0,"pct":100}}
,"/home/runner/work/unixpense-svc/unixpense-svc/src/gmail/strategies/gmailDeskWIthdrawalStrategy.ts": {"lines":{"total":5,"covered":5,"skipped":0,"pct":100},"functions":{"total":1,"covered":1,"skipped":0,"pct":100},"statements":{"total":5,"covered":5,"skipped":0,"pct":100},"branches":{"total":0,"covered":0,"skipped":0,"pct":100}}
,"/home/runner/work/unixpense-svc/unixpense-svc/src/gmail/strategies/gmailStandardFeeStrategy.ts": {"lines":{"total":4,"covered":4,"skipped":0,"pct":100},"functions":{"total":1,"covered":1,"skipped":0,"pct":100},"statements":{"total":4,"covered":4,"skipped":0,"pct":100},"branches":{"total":2,"covered":2,"skipped":0,"pct":100}}
,"/home/runner/work/unixpense-svc/unixpense-svc/src/gmail/strategies/gmailStandardTransferStrategy.ts": {"lines":{"total":6,"covered":6,"skipped":0,"pct":100},"functions":{"total":1,"covered":1,"skipped":0,"pct":100},"statements":{"total":6,"covered":6,"skipped":0,"pct":100},"branches":{"total":16,"covered":12,"skipped":0,"pct":75}}
,"/home/runner/work/unixpense-svc/unixpense-svc/src/gmail/types/paymentDetailsTestCases.ts": {"lines":{"total":3,"covered":3,"skipped":0,"pct":100},"functions":{"total":0,"covered":0,"skipped":0,"pct":100},"statements":{"total":3,"covered":3,"skipped":0,"pct":100},"branches":{"total":0,"covered":0,"skipped":0,"pct":100}}
,"/home/runner/work/unixpense-svc/unixpense-svc/src/gmail/types/transactionDataTestCase.ts": {"lines":{"total":11,"covered":11,"skipped":0,"pct":100},"functions":{"total":2,"covered":2,"skipped":0,"pct":100},"statements":{"total":12,"covered":12,"skipped":0,"pct":100},"branches":{"total":0,"covered":0,"skipped":0,"pct":100}}
,"/home/runner/work/unixpense-svc/unixpense-svc/src/googleOAuth2/entities/googleOAuth2Tokens.entity.ts": {"lines":{"total":5,"covered":5,"skipped":0,"pct":100},"functions":{"total":0,"covered":0,"skipped":0,"pct":100},"statements":{"total":7,"covered":7,"skipped":0,"pct":100},"branches":{"total":0,"covered":0,"skipped":0,"pct":100}}
,"/home/runner/work/unixpense-svc/unixpense-svc/src/googleOAuth2/factories/googleOAuth2IdentifiersFactory.ts": {"lines":{"total":3,"covered":3,"skipped":0,"pct":100},"functions":{"total":1,"covered":1,"skipped":0,"pct":100},"statements":{"total":5,"covered":5,"skipped":0,"pct":100},"branches":{"total":0,"covered":0,"skipped":0,"pct":100}}
,"/home/runner/work/unixpense-svc/unixpense-svc/src/googleOAuth2/providers/abstractGoogleOAuth2ClientProvider.ts": {"lines":{"total":27,"covered":25,"skipped":0,"pct":92.59},"functions":{"total":5,"covered":5,"skipped":0,"pct":100},"statements":{"total":29,"covered":27,"skipped":0,"pct":93.1},"branches":{"total":18,"covered":11,"skipped":0,"pct":61.11}}
,"/home/runner/work/unixpense-svc/unixpense-svc/src/googleOAuth2/providers/googleOAuth2ClientProvider.ts": {"lines":{"total":34,"covered":5,"skipped":0,"pct":14.7},"functions":{"total":8,"covered":0,"skipped":0,"pct":0},"statements":{"total":35,"covered":5,"skipped":0,"pct":14.28},"branches":{"total":22,"covered":0,"skipped":0,"pct":0}}
,"/home/runner/work/unixpense-svc/unixpense-svc/src/googleOAuth2/providers/mockGoogleOAuth2ClientProvider.ts": {"lines":{"total":12,"covered":10,"skipped":0,"pct":83.33},"functions":{"total":7,"covered":6,"skipped":0,"pct":85.71},"statements":{"total":16,"covered":14,"skipped":0,"pct":87.5},"branches":{"total":3,"covered":2,"skipped":0,"pct":66.66}}
,"/home/runner/work/unixpense-svc/unixpense-svc/src/googleOAuth2/repositories/googleOAuth2TokensRepository.ts": {"lines":{"total":21,"covered":17,"skipped":0,"pct":80.95},"functions":{"total":3,"covered":3,"skipped":0,"pct":100},"statements":{"total":23,"covered":19,"skipped":0,"pct":82.6},"branches":{"total":5,"covered":3,"skipped":0,"pct":60}}
,"/home/runner/work/unixpense-svc/unixpense-svc/src/web/controllers/gmailTransactionsController.ts": {"lines":{"total":107,"covered":82,"skipped":0,"pct":76.63},"functions":{"total":25,"covered":19,"skipped":0,"pct":76},"statements":{"total":122,"covered":95,"skipped":0,"pct":77.86},"branches":{"total":58,"covered":40,"skipped":0,"pct":68.96}}
,"/home/runner/work/unixpense-svc/unixpense-svc/src/web/controllers/groupRulesController.ts": {"lines":{"total":17,"covered":17,"skipped":0,"pct":100},"functions":{"total":8,"covered":8,"skipped":0,"pct":100},"statements":{"total":24,"covered":24,"skipped":0,"pct":100},"branches":{"total":0,"covered":0,"skipped":0,"pct":100}}
,"/home/runner/work/unixpense-svc/unixpense-svc/src/web/controllers/groupsController.ts": {"lines":{"total":15,"covered":15,"skipped":0,"pct":100},"functions":{"total":8,"covered":8,"skipped":0,"pct":100},"statements":{"total":22,"covered":22,"skipped":0,"pct":100},"branches":{"total":0,"covered":0,"skipped":0,"pct":100}}
,"/home/runner/work/unixpense-svc/unixpense-svc/src/web/middleware/googleOAuth2Middleware.ts": {"lines":{"total":31,"covered":31,"skipped":0,"pct":100},"functions":{"total":4,"covered":4,"skipped":0,"pct":100},"statements":{"total":33,"covered":33,"skipped":0,"pct":100},"branches":{"total":13,"covered":12,"skipped":0,"pct":92.3}}
,"/home/runner/work/unixpense-svc/unixpense-svc/src/web/routes/gmailTransactionsRoutes.ts": {"lines":{"total":7,"covered":7,"skipped":0,"pct":100},"functions":{"total":0,"covered":0,"skipped":0,"pct":100},"statements":{"total":7,"covered":7,"skipped":0,"pct":100},"branches":{"total":0,"covered":0,"skipped":0,"pct":100}}
,"/home/runner/work/unixpense-svc/unixpense-svc/src/web/routes/groupRulesRoutes.ts": {"lines":{"total":8,"covered":8,"skipped":0,"pct":100},"functions":{"total":0,"covered":0,"skipped":0,"pct":100},"statements":{"total":8,"covered":8,"skipped":0,"pct":100},"branches":{"total":0,"covered":0,"skipped":0,"pct":100}}
,"/home/runner/work/unixpense-svc/unixpense-svc/src/web/routes/groupsRoutes.ts": {"lines":{"total":10,"covered":10,"skipped":0,"pct":100},"functions":{"total":0,"covered":0,"skipped":0,"pct":100},"statements":{"total":10,"covered":10,"skipped":0,"pct":100},"branches":{"total":0,"covered":0,"skipped":0,"pct":100}}
,"/home/runner/work/unixpense-svc/unixpense-svc/src/web/routes/kubernetesProbesRoutes.ts": {"lines":{"total":6,"covered":6,"skipped":0,"pct":100},"functions":{"total":3,"covered":0,"skipped":0,"pct":0},"statements":{"total":9,"covered":6,"skipped":0,"pct":66.66},"branches":{"total":0,"covered":0,"skipped":0,"pct":100}}
,"/home/runner/work/unixpense-svc/unixpense-svc/src/web/routes/swaggerRoutes.ts": {"lines":{"total":12,"covered":12,"skipped":0,"pct":100},"functions":{"total":0,"covered":0,"skipped":0,"pct":100},"statements":{"total":12,"covered":12,"skipped":0,"pct":100},"branches":{"total":8,"covered":6,"skipped":0,"pct":75}}
,"/home/runner/work/unixpense-svc/unixpense-svc/src/web/schemas/transaction.ts": {"lines":{"total":7,"covered":7,"skipped":0,"pct":100},"functions":{"total":1,"covered":1,"skipped":0,"pct":100},"statements":{"total":8,"covered":8,"skipped":0,"pct":100},"branches":{"total":0,"covered":0,"skipped":0,"pct":100}}
}
